<?xml version="1.0" encoding="UTF-8"?>
<testng-results ignored="0" total="3" passed="3" failed="0" skipped="0">
  <reporter-output>
  </reporter-output>
  <suite started-at="2025-01-21T19:17:03 IST" name="Default Suite" finished-at="2025-01-21T19:17:03 IST" duration-ms="30">
    <groups>
    </groups>
    <test started-at="2025-01-21T19:17:03 IST" name="practice1" finished-at="2025-01-21T19:17:03 IST" duration-ms="30">
      <class name="pac3.AllanotationsTest">
        <test-method is-config="true" signature="methodName1()[pri:0, instance:pac3.AllanotationsTest@82de64a]" started-at="2025-01-21T19:17:03 IST" name="methodName1" finished-at="2025-01-21T19:17:03 IST" duration-ms="10" status="PASS">
          <reporter-output>
          </reporter-output>
        </test-method> <!-- methodName1 -->
        <test-method is-config="true" signature="methodName2()[pri:0, instance:pac3.AllanotationsTest@82de64a]" started-at="2025-01-21T19:17:03 IST" name="methodName2" finished-at="2025-01-21T19:17:03 IST" duration-ms="0" status="PASS">
          <reporter-output>
          </reporter-output>
        </test-method> <!-- methodName2 -->
        <test-method signature="geft()[pri:0, instance:pac3.AllanotationsTest@82de64a]" started-at="2025-01-21T19:17:03 IST" name="geft" finished-at="2025-01-21T19:17:03 IST" duration-ms="1" status="PASS">
          <reporter-output>
          </reporter-output>
        </test-method> <!-- geft -->
        <test-method signature="geftd()[pri:0, instance:pac3.AllanotationsTest@82de64a]" started-at="2025-01-21T19:17:03 IST" name="geftd" finished-at="2025-01-21T19:17:03 IST" duration-ms="0" status="PASS">
          <reporter-output>
          </reporter-output>
        </test-method> <!-- geftd -->
        <test-method signature="gefts()[pri:0, instance:pac3.AllanotationsTest@82de64a]" started-at="2025-01-21T19:17:03 IST" name="gefts" finished-at="2025-01-21T19:17:03 IST" duration-ms="1" status="PASS">
          <reporter-output>
          </reporter-output>
        </test-method> <!-- gefts -->
        <test-method is-config="true" signature="methodName4()[pri:0, instance:pac3.AllanotationsTest@82de64a]" started-at="2025-01-21T19:17:03 IST" name="methodName4" finished-at="2025-01-21T19:17:03 IST" duration-ms="0" status="PASS">
          <reporter-output>
          </reporter-output>
        </test-method> <!-- methodName4 -->
      </class> <!-- pac3.AllanotationsTest -->
    </test> <!-- practice1 -->
  </suite> <!-- Default Suite -->
</testng-results>
